
[0m[2m[35m$[0m [2m[1mastro build[0m

 [37m╭[39m[37m─[39m[37m─[39m[37m─[39m[37m─[39m[37m─[39m[37m─[39m[37m─[39m[37m─[39m[37m─[39m[37m─[39m[37m─[39m[37m─[39m[37m─[39m[37m─[39m[37m─[39m[37m─[39m[37m─[39m[37m─[39m[37m─[39m[37m─[39m[37m─[39m[37m─[39m[37m─[39m[37m─[39m[37m─[39m[37m─[39m[37m─[39m[37m─[39m[37m─[39m[37m─[39m[37m─[39m[37m─[39m[37m─[39m[37m─[39m[37m─[39m[37m╮[39m
 [37m│[39m                                   [37m│[39m
 [37m│[39m  [unplugin-typia] Cache disabled  [37m│[39m
 [37m│[39m                                   [37m│[39m
 [37m╰[39m[37m─[39m[37m─[39m[37m─[39m[37m─[39m[37m─[39m[37m─[39m[37m─[39m[37m─[39m[37m─[39m[37m─[39m[37m─[39m[37m─[39m[37m─[39m[37m─[39m[37m─[39m[37m─[39m[37m─[39m[37m─[39m[37m─[39m[37m─[39m[37m─[39m[37m─[39m[37m─[39m[37m─[39m[37m─[39m[37m─[39m[37m─[39m[37m─[39m[37m─[39m[37m─[39m[37m─[39m[37m─[39m[37m─[39m[37m─[39m[37m─[39m[37m╯[39m

[2m00:27:11[22m [34m[content][39m Syncing content
[2m00:27:11[22m [34m[content][39m Synced content
[2m00:27:11[22m [34m[types][39m Generated [2m39ms[22m
[2m00:27:11[22m [34m[build][39m output: [34m"server"[39m
[2m00:27:11[22m [34m[build][39m mode: [34m"server"[39m
[2m00:27:11[22m [34m[build][39m directory: [34m/home/lenghak/Projects/bling-io/remora/dist/[39m
[2m00:27:11[22m [34m[build][39m adapter: [32m@astrojs/vercel[39m
[2m00:27:11[22m [34m[build][39m Collecting build info...
[2m00:27:11[22m [34m[build][39m [32m✓ Completed in 64ms.[39m
[2m00:27:11[22m [34m[build][39m Building server entrypoints...

 [37m╭[39m[37m─[39m[37m─[39m[37m─[39m[37m─[39m[37m─[39m[37m─[39m[37m─[39m[37m─[39m[37m─[39m[37m─[39m[37m─[39m[37m─[39m[37m─[39m[37m─[39m[37m─[39m[37m─[39m[37m─[39m[37m─[39m[37m─[39m[37m─[39m[37m─[39m[37m─[39m[37m─[39m[37m─[39m[37m─[39m[37m─[39m[37m─[39m[37m─[39m[37m─[39m[37m─[39m[37m─[39m[37m─[39m[37m─[39m[37m─[39m[37m─[39m[37m╮[39m
 [37m│[39m                                   [37m│[39m
 [37m│[39m  [unplugin-typia] Cache disabled  [37m│[39m
 [37m│[39m                                   [37m│[39m
 [37m╰[39m[37m─[39m[37m─[39m[37m─[39m[37m─[39m[37m─[39m[37m─[39m[37m─[39m[37m─[39m[37m─[39m[37m─[39m[37m─[39m[37m─[39m[37m─[39m[37m─[39m[37m─[39m[37m─[39m[37m─[39m[37m─[39m[37m─[39m[37m─[39m[37m─[39m[37m─[39m[37m─[39m[37m─[39m[37m─[39m[37m─[39m[37m─[39m[37m─[39m[37m─[39m[37m─[39m[37m─[39m[37m─[39m[37m─[39m[37m─[39m[37m─[39m[37m╯[39m

[2K[1G[2K[1G[31m[1m00:27:11[22m [ERROR] [vite][39m [31m✗[39m Build failed in 532ms
[2K[1G[2K[1G[2K[1G[2K[1G[2K[1G[2K[1G[2K[1G[2K[1G[2K[1G[vite]: Rollup failed to resolve import "@/domains/auth/components/auth-card-content.astro" from "/home/lenghak/Projects/bling-io/remora/src/pages/auth/sign-up.astro".
This is most likely unintended because it can break your application at runtime.
If you do want to externalize this module explicitly add it to
`build.rollupOptions.external`
  [1mStack trace:[22m
[2m    at viteLog (file:///home/lenghak/Projects/bling-io/remora/node_modules/vite/dist/node/chunks/dep-DBxKXgDP.js:46345:15)
    at onwarn (file:///home/lenghak/Projects/bling-io/remora/node_modules/@vitejs/plugin-react/dist/index.mjs:104:9)
    at onRollupLog (file:///home/lenghak/Projects/bling-io/remora/node_modules/vite/dist/node/chunks/dep-DBxKXgDP.js:46393:5)
    at file:///home/lenghak/Projects/bling-io/remora/node_modules/rollup/dist/es/shared/node-entry.js:20765:32
    at ModuleLoader.handleInvalidResolvedId (file:///home/lenghak/Projects/bling-io/remora/node_modules/rollup/dist/es/shared/node-entry.js:21391:26)[22m
[0m[31merror[0m[2m:[0m script [1m"build"[0m exited with code 1[0m
